\BOOKMARK [0][-]{section*.2}{\376\377\000D\000e\000c\000l\000a\000r\000a\000t\000i\000o\000n\000\040\000o\000f\000\040\000h\000o\000n\000o\000u\000r}{}% 1
\BOOKMARK [0][-]{section*.3}{\376\377\000A\000b\000s\000t\000r\000a\000c\000t}{}% 2
\BOOKMARK [0][-]{section*.6}{\376\377\000A\000c\000k\000n\000o\000w\000l\000e\000d\000g\000e\000m\000e\000n\000t\000s}{}% 3
\BOOKMARK [0][-]{section*.7}{\376\377\000T\000a\000b\000l\000e\000\040\000o\000f\000\040\000C\000o\000n\000t\000e\000n\000t\000s}{}% 4
\BOOKMARK [0][-]{section*.8}{\376\377\000L\000i\000s\000t\000\040\000o\000f\000\040\000T\000a\000b\000l\000e\000s}{}% 5
\BOOKMARK [0][-]{section*.9}{\376\377\000L\000i\000s\000t\000\040\000o\000f\000\040\000F\000i\000g\000u\000r\000e\000s}{}% 6
\BOOKMARK [0][-]{chapter.1}{\376\377\000I\000n\000t\000r\000o\000d\000u\000c\000t\000i\000o\000n}{}% 7
\BOOKMARK [1][-]{section.1.1}{\376\377\000M\000o\000t\000i\000v\000a\000t\000i\000o\000n}{chapter.1}% 8
\BOOKMARK [1][-]{section.1.2}{\376\377\000R\000e\000s\000e\000a\000r\000c\000h\000\040\000Q\000u\000e\000s\000t\000i\000o\000n\000s}{chapter.1}% 9
\BOOKMARK [1][-]{section.1.3}{\376\377\000R\000e\000s\000e\000a\000r\000c\000h\000\040\000M\000e\000t\000h\000o\000d}{chapter.1}% 10
\BOOKMARK [1][-]{section.1.4}{\376\377\000S\000t\000a\000t\000e\000\040\000o\000f\000\040\000A\000r\000t}{chapter.1}% 11
\BOOKMARK [1][-]{section.1.5}{\376\377\000S\000t\000r\000u\000c\000t\000u\000r\000e}{chapter.1}% 12
\BOOKMARK [0][-]{chapter.2}{\376\377\000B\000a\000c\000k\000g\000r\000o\000u\000n\000d}{}% 13
\BOOKMARK [1][-]{section.2.1}{\376\377\000T\000i\000m\000e\000\040\000s\000e\000r\000i\000e\000s\000\040\000f\000o\000r\000e\000c\000a\000s\000t\000i\000n\000g}{chapter.2}% 14
\BOOKMARK [1][-]{section.2.2}{\376\377\000T\000e\000c\000h\000n\000i\000c\000a\000l\000\040\000a\000n\000a\000l\000y\000s\000i\000s}{chapter.2}% 15
\BOOKMARK [2][-]{subsection.2.2.1}{\376\377\000S\000u\000p\000p\000o\000r\000t\000\040\000a\000n\000d\000\040\000R\000e\000s\000i\000s\000t\000a\000n\000c\000e\000\040\000l\000e\000v\000e\000l\000s}{section.2.2}% 16
\BOOKMARK [1][-]{section.2.3}{\376\377\000A\000R\000I\000M\000A}{chapter.2}% 17
\BOOKMARK [2][-]{subsection.2.3.1}{\376\377\000A\000u\000t\000o\000r\000e\000g\000r\000e\000s\000s\000i\000o\000n\000\040\000\050\000A\000R\000\051}{section.2.3}% 18
\BOOKMARK [2][-]{subsection.2.3.2}{\376\377\000D\000i\000f\000f\000e\000r\000e\000n\000c\000i\000n\000g\000\040\000\050\000I\000\051}{section.2.3}% 19
\BOOKMARK [2][-]{subsection.2.3.3}{\376\377\000M\000o\000v\000i\000n\000g\000\040\000A\000v\000e\000r\000a\000g\000e\000\040\000M\000A}{section.2.3}% 20
\BOOKMARK [0][-]{chapter.3}{\376\377\000R\000e\000l\000a\000t\000e\000d\000\040\000W\000o\000r\000k}{}% 21
\BOOKMARK [1][-]{section.3.1}{\376\377\000A\000c\000a\000d\000e\000m\000i\000c\000\040\000R\000e\000s\000e\000a\000r\000c\000h}{chapter.3}% 22
\BOOKMARK [0][-]{chapter.4}{\376\377\000M\000e\000t\000h\000o\000d\000o\000l\000o\000g\000y}{}% 23
\BOOKMARK [1][-]{section.4.1}{\376\377\000I\000m\000p\000l\000e\000m\000e\000n\000t\000a\000t\000i\000o\000n}{chapter.4}% 24
\BOOKMARK [2][-]{subsection.4.1.1}{\376\377\000D\000a\000t\000a\000\040\000A\000n\000a\000l\000y\000s\000i\000s}{section.4.1}% 25
\BOOKMARK [2][-]{subsection.4.1.2}{\376\377\000T\000e\000c\000h\000n\000i\000c\000a\000l\000\040\000I\000n\000d\000i\000c\000a\000t\000o\000r\000s}{section.4.1}% 26
\BOOKMARK [2][-]{subsection.4.1.3}{\376\377\000M\000a\000c\000h\000i\000n\000e\000\040\000L\000e\000a\000r\000n\000i\000n\000g\000\040\000M\000o\000d\000e\000l\000s}{section.4.1}% 27
\BOOKMARK [1][-]{section.4.2}{\376\377\000E\000v\000a\000l\000u\000a\000t\000i\000o\000n}{chapter.4}% 28
\BOOKMARK [2][-]{subsection.4.2.1}{\376\377\000L\000i\000b\000r\000a\000r\000i\000e\000s\000\040\000a\000n\000d\000\040\000T\000e\000c\000h\000n\000o\000l\000o\000g\000i\000e\000s\000\040\000t\000o\000\040\000b\000e\000\040\000u\000s\000e\000d}{section.4.2}% 29
\BOOKMARK [2][-]{subsection.4.2.2}{\376\377\000B\000a\000c\000k\000t\000e\000s\000t\000i\000n\000g}{section.4.2}% 30
\BOOKMARK [0][-]{chapter.5}{\376\377\000E\000x\000a\000m\000p\000l\000e\000\040\000C\000h\000a\000p\000t\000e\000r}{}% 31
\BOOKMARK [1][-]{section.5.1}{\376\377\000C\000o\000d\000e\000\040\000a\000n\000d\000\040\000s\000y\000n\000t\000a\000x\000\040\000h\000i\000g\000h\000l\000i\000g\000h\000t\000i\000n\000g}{chapter.5}% 32
\BOOKMARK [1][-]{section.5.2}{\376\377\000L\000a\000b\000e\000l\000s\000\040\000a\000n\000d\000\040\000R\000e\000f\000e\000r\000e\000n\000c\000e\000s}{chapter.5}% 33
\BOOKMARK [1][-]{section.5.3}{\376\377\000M\000a\000t\000h\000e\000m\000a\000t\000i\000c\000a\000l\000\040\000E\000q\000u\000a\000t\000i\000o\000n\000s\000\040\000a\000n\000d\000\040\000E\000x\000p\000r\000e\000s\000s\000i\000o\000n\000s}{chapter.5}% 34
\BOOKMARK [1][-]{section.5.4}{\376\377\000E\000n\000u\000m\000e\000r\000a\000t\000i\000o\000n\000s\000\040\000a\000n\000d\000\040\000D\000e\000s\000c\000r\000i\000p\000t\000i\000o\000n\000s}{chapter.5}% 35
\BOOKMARK [1][-]{section.5.5}{\376\377\000A\000d\000d\000i\000n\000g\000\040\000i\000m\000a\000g\000e\000s}{chapter.5}% 36
\BOOKMARK [1][-]{section.5.6}{\376\377\000C\000o\000l\000o\000r\000s}{chapter.5}% 37
\BOOKMARK [1][-]{section.5.7}{\376\377\000J\000u\000s\000t\000\040\000a\000\040\000p\000o\000e\000m\000\040\000b\000y\000\040\000E\000m\000i\000l\000y\000\040\000D\000i\000c\000k\000i\000n\000s\000o\000n}{chapter.5}% 38
\BOOKMARK [1][-]{section.5.8}{\376\377\000T\000a\000b\000l\000e\000s}{chapter.5}% 39
\BOOKMARK [0][-]{section*.15}{\376\377\000B\000i\000b\000l\000i\000o\000g\000r\000a\000p\000h\000y}{}% 40
\BOOKMARK [0][-]{appendix.a.A}{\376\377\000A\000p\000p\000e\000n\000d\000i\000x\000\040\000E\000x\000a\000m\000p\000l\000e\000\040\000A\000p\000p\000e\000n\000d\000i\000x\000\040\0001}{}% 41
\BOOKMARK [0][-]{appendix.a.B}{\376\377\000A\000p\000p\000e\000n\000d\000i\000x\000\040\000E\000x\000a\000m\000p\000l\000e\000\040\000A\000p\000p\000e\000n\000d\000i\000x\000\040\0002}{}% 42
